<?xml version="1.0" encoding="UTF-8"?>
<!-- Generated by org.testng.reporters.JUnitReportReporter -->
<testsuite hostname="wsf-072-71" failures="0" tests="1" name="com.parametriz.BaseTest" time="9.595" errors="0" timestamp="2021-11-17T15:43:23 MSK" skipped="0">
  <testcase classname="com.parametriz.BaseTest" name="testCatalog" time="9.595"/>
  <system-out/>
</testsuite> <!-- com.parametriz.BaseTest -->
